<?xml version="1.0" encoding="UTF-8"?>
<testsuites>
  <testsuite id="0" name="C:\Users\T540P\Desktop\projects\interviews\vanhack\react--login-portal-10gp4j0bs5s\src\tests\RegisterPage.test.js" errors="0" package="C:\Users\T540P\Desktop\projects\interviews\vanhack\react--login-portal-10gp4j0bs5s\src\tests\RegisterPage.test.js" hostname="localhost" tests="1" failures="0" time="30.662" timestamp="2019-02-19T10:40:32">
    <properties>
    </properties>
    <testcase classname="Test RegisterPage component" name="check route, dispatch and store setup for component" time="0">
    </testcase>
    <system-out/>
    <system-err/>
  </testsuite>
  <testsuite id="1" name="C:\Users\T540P\Desktop\projects\interviews\vanhack\react--login-portal-10gp4j0bs5s\src\App.test.js" errors="0" package="C:\Users\T540P\Desktop\projects\interviews\vanhack\react--login-portal-10gp4j0bs5s\src\App.test.js" hostname="localhost" tests="2" failures="0" time="30.669" timestamp="2019-02-19T10:40:32">
    <properties>
    </properties>
    <testcase classname="Test AppComponent" name="check route, dispatch and store setup for component" time="0">
    </testcase>
    <testcase classname="Test AppComponent" name="check for redirections" time="0">
    </testcase>
    <system-out/>
    <system-err/>
  </testsuite>
  <testsuite id="2" name="C:\Users\T540P\Desktop\projects\interviews\vanhack\react--login-portal-10gp4j0bs5s\src\actions\index.test.js" errors="0" package="C:\Users\T540P\Desktop\projects\interviews\vanhack\react--login-portal-10gp4j0bs5s\src\actions\index.test.js" hostname="localhost" tests="4" failures="0" time="2.875" timestamp="2019-02-19T10:41:03">
    <properties>
    </properties>
    <testcase classname="Test Redux Alert Actions" name="uses correct constants" time="0">
    </testcase>
    <testcase classname="Test Authentication via Redux" name="logout uses service and correct constant" time="0">
    </testcase>
    <testcase classname="Test Authentication via Redux" name="login uses service and correct dispatch logic" time="0">
    </testcase>
    <testcase classname="Test Authentication via Redux" name="register uses service and correct logic" time="0">
    </testcase>
    <system-out/>
    <system-err/>
  </testsuite>
  <testsuite id="3" name="C:\Users\T540P\Desktop\projects\interviews\vanhack\react--login-portal-10gp4j0bs5s\src\tests\LoginPage.test.js" errors="0" package="C:\Users\T540P\Desktop\projects\interviews\vanhack\react--login-portal-10gp4j0bs5s\src\tests\LoginPage.test.js" hostname="localhost" tests="1" failures="0" time="2.913" timestamp="2019-02-19T10:41:03">
    <properties>
    </properties>
    <testcase classname="Test LoginPage component" name="check route, dispatch and store setup for component" time="0">
    </testcase>
    <system-out/>
    <system-err/>
  </testsuite>
  <testsuite id="4" name="C:\Users\T540P\Desktop\projects\interviews\vanhack\react--login-portal-10gp4j0bs5s\src\tests\user.service.test.js" errors="0" package="C:\Users\T540P\Desktop\projects\interviews\vanhack\react--login-portal-10gp4j0bs5s\src\tests\user.service.test.js" hostname="localhost" tests="2" failures="0" time="2.821" timestamp="2019-02-19T10:41:06">
    <properties>
    </properties>
    <testcase classname="Test User service" name="check if a fetch promise is returned and localStorage is used in login" time="0">
    </testcase>
    <testcase classname="Test User service" name="check if logout removes `user` item from localStorage" time="0">
    </testcase>
    <system-out/>
    <system-err/>
  </testsuite>
  <testsuite id="5" name="C:\Users\T540P\Desktop\projects\interviews\vanhack\react--login-portal-10gp4j0bs5s\src\tests\HomePage.test.js" errors="0" package="C:\Users\T540P\Desktop\projects\interviews\vanhack\react--login-portal-10gp4j0bs5s\src\tests\HomePage.test.js" hostname="localhost" tests="1" failures="0" time="4.376" timestamp="2019-02-19T10:41:06">
    <properties>
    </properties>
    <testcase classname="Test HomePage component" name="uses Router for logout functionality" time="0">
    </testcase>
    <system-out/>
    <system-err/>
  </testsuite>
</testsuites>